<?xml version="1.0" encoding="UTF-8"?>
<testng-results skipped="0" failed="0" ignored="0" total="1" passed="1">
  <reporter-output>
  </reporter-output>
  <suite name="example suite 1" duration-ms="16885" started-at="2018-01-16T13:51:03Z" finished-at="2018-01-16T13:51:19Z">
    <groups>
    </groups>
    <test name="Regression suite" duration-ms="16885" started-at="2018-01-16T13:51:03Z" finished-at="2018-01-16T13:51:19Z">
      <class name="pack11.login">
        <test-method status="PASS" signature="beforeMethod()[pri:0, instance:pack11.login@343f4d3d]" name="beforeMethod" is-config="true" duration-ms="9258" started-at="2018-01-16T19:21:03Z" finished-at="2018-01-16T19:21:12Z">
          <reporter-output>
          </reporter-output>
        </test-method> <!-- beforeMethod -->
        <test-method status="PASS" signature="f(java.lang.String, java.lang.String, java.lang.String)[pri:0, instance:pack11.login@343f4d3d]" name="f" duration-ms="5275" started-at="2018-01-16T19:21:12Z" finished-at="2018-01-16T19:21:17Z">
          <params>
            <param index="0">
              <value>
                <![CDATA[reportsts]]>
              </value>
            </param>
            <param index="1">
              <value>
                <![CDATA[swagatika]]>
              </value>
            </param>
            <param index="2">
              <value>
                <![CDATA[Tecnics@123]]>
              </value>
            </param>
          </params>
          <reporter-output>
          </reporter-output>
        </test-method> <!-- f -->
        <test-method status="PASS" signature="afterMethod()[pri:0, instance:pack11.login@343f4d3d]" name="afterMethod" is-config="true" duration-ms="2316" started-at="2018-01-16T19:21:17Z" finished-at="2018-01-16T19:21:19Z">
          <reporter-output>
          </reporter-output>
        </test-method> <!-- afterMethod -->
      </class> <!-- pack11.login -->
    </test> <!-- Regression suite -->
  </suite> <!-- example suite 1 -->
</testng-results>
